y:\proxmarkwindows\proxmarklib\win32\release\vc140.pdb
y:\proxmarkwindows\proxmarklib\win32\release\optimized_cipher.obj
y:\proxmarkwindows\proxmarklib\win32\release\ikeys.obj
y:\proxmarkwindows\proxmarklib\win32\release\hash1_brute.obj
y:\proxmarkwindows\proxmarklib\win32\release\fileutils.obj
y:\proxmarkwindows\proxmarklib\win32\release\elite_crack.obj
y:\proxmarkwindows\proxmarklib\win32\release\des.obj
y:\proxmarkwindows\proxmarklib\win32\release\cipherutils.obj
y:\proxmarkwindows\proxmarklib\win32\release\cipher.obj
y:\proxmarkwindows\proxmarklib\win32\release\util.obj
y:\proxmarkwindows\proxmarklib\win32\release\crc16.obj
y:\proxmarkwindows\proxmarklib\win32\release\proxmarklib.obj
y:\proxmarkwindows\proxmarklib\win32\release\dllmain.obj
y:\proxmarkwindows\output\release\proxmarklib-x86.dll
y:\proxmarkwindows\output\release\proxmarklib-x86.pdb
y:\proxmarkwindows\output\release\proxmarklib-x86.lib
y:\proxmarkwindows\output\release\proxmarklib-x86.exp
y:\proxmarkwindows\proxmarklib\win32\release\proxmarklib.tlog\cl.command.1.tlog
y:\proxmarkwindows\proxmarklib\win32\release\proxmarklib.tlog\cl.read.1.tlog
y:\proxmarkwindows\proxmarklib\win32\release\proxmarklib.tlog\cl.write.1.tlog
y:\proxmarkwindows\proxmarklib\win32\release\proxmarklib.tlog\link.command.1.tlog
y:\proxmarkwindows\proxmarklib\win32\release\proxmarklib.tlog\link.read.1.tlog
y:\proxmarkwindows\proxmarklib\win32\release\proxmarklib.tlog\link.write.1.tlog
y:\proxmarkwindows\proxmarklib\win32\release\proxmarklib.tlog\proxmarklib.write.1u.tlog
