y:\proxmarkwindows\proxmarklib\win32\debug\vc140.pdb
y:\proxmarkwindows\proxmarklib\win32\debug\vc140.idb
y:\proxmarkwindows\proxmarklib\win32\debug\des.obj
y:\proxmarkwindows\proxmarklib\win32\debug\crc16.obj
y:\proxmarkwindows\proxmarklib\win32\debug\util.obj
y:\proxmarkwindows\proxmarklib\win32\debug\cipher.obj
y:\proxmarkwindows\proxmarklib\win32\debug\cipherutils.obj
y:\proxmarkwindows\proxmarklib\win32\debug\elite_crack.obj
y:\proxmarkwindows\proxmarklib\win32\debug\fileutils.obj
y:\proxmarkwindows\proxmarklib\win32\debug\hash1_brute.obj
y:\proxmarkwindows\proxmarklib\win32\debug\ikeys.obj
y:\proxmarkwindows\proxmarklib\win32\debug\optimized_cipher.obj
y:\proxmarkwindows\proxmarklib\win32\debug\dllmain.obj
y:\proxmarkwindows\proxmarklib\win32\debug\proxmarklib.obj
y:\proxmarkwindows\output\debug\proxmarklib-x86.ilk
y:\proxmarkwindows\output\debug\proxmarklib-x86.dll
y:\proxmarkwindows\output\debug\proxmarklib-x86.pdb
y:\proxmarkwindows\output\debug\proxmarklib-x86.lib
y:\proxmarkwindows\output\debug\proxmarklib-x86.exp
y:\proxmarkwindows\proxmarklib\win32\debug\proxmarklib.tlog\cl.command.1.tlog
y:\proxmarkwindows\proxmarklib\win32\debug\proxmarklib.tlog\cl.read.1.tlog
y:\proxmarkwindows\proxmarklib\win32\debug\proxmarklib.tlog\cl.write.1.tlog
y:\proxmarkwindows\proxmarklib\win32\debug\proxmarklib.tlog\link.command.1.tlog
y:\proxmarkwindows\proxmarklib\win32\debug\proxmarklib.tlog\link.read.1.tlog
y:\proxmarkwindows\proxmarklib\win32\debug\proxmarklib.tlog\link.write.1.tlog
y:\proxmarkwindows\proxmarklib\win32\debug\proxmarklib.tlog\proxmarklib.write.1u.tlog
